[2025-07-10 16:21:37.112] AT+CBST=?
[2025-07-10 16:21:42.611] +CBST: (300,600,1200,2400,4800,9600,19200,38400,57600,115200)
[2025-07-10 16:21:42.611] 
[2025-07-10 16:21:42.611] OK
[2025-07-10 16:21:56.543] AT+CVHU=?
[2025-07-10 16:22:01.848] +CVHU: (0-1)
[2025-07-10 16:22:01.848] 
[2025-07-10 16:22:01.848] OK
[2025-07-10 16:22:30.849] AT+CGSN=?
[2025-07-10 16:22:33.944] +CGSN: (0,1)
[2025-07-10 16:22:33.944] 
[2025-07-10 16:22:33.944] OK
[2025-07-10 16:22:43.870] AT+CSCS=?
[2025-07-10 16:22:47.994] +CSCS: ("IRA","GSM","UCS2")
[2025-07-10 16:22:47.994] 
[2025-07-10 16:22:47.994] OK
[2025-07-10 16:22:55.589] AT+CMEE=?
[2025-07-10 16:22:58.725] +CMEE: (0,1,2)
[2025-07-10 16:22:58.725] 
[2025-07-10 16:22:58.725] OK
[2025-07-10 16:23:26.404] AT+CMEE?
[2025-07-10 16:23:29.151] +CMEE: 2
[2025-07-10 16:23:29.151] 
[2025-07-10 16:23:29.151] OK
[2025-07-10 16:23:34.485] ATM++CCLK?
[2025-07-10 16:23:59.097] +CCLK: "25/07/10,10:54:24"
[2025-07-10 16:23:59.097] 
[2025-07-10 16:23:59.097] OK
[2025-07-10 16:24:16.566] AT+CRLP?
[2025-07-10 16:24:20.124] +CRLP: 61,61,48,6,0
[2025-07-10 16:24:20.124] +CRLP: 61,61,48,6,1
[2025-07-10 16:24:20.124] +CRLP: 240,240,52,6,2
[2025-07-10 16:24:20.124] 
[2025-07-10 16:24:20.124] OK
[2025-07-10 16:24:28.625] AT+CSTA?
[2025-07-10 16:24:32.264] +CSTA: 129
[2025-07-10 16:24:32.281] 
[2025-07-10 16:24:32.281] OK
[2025-07-10 16:24:37.821] AT+CRC?
[2025-07-10 16:24:40.647] +CRC: 0
[2025-07-10 16:24:40.647] 
[2025-07-10 16:24:40.647] OK
[2025-07-10 16:24:57.524] AT+CRC=0
[2025-07-10 17:02:34.386] OK
[2025-07-10 17:02:55.988] AT+CSCS="GSM"
[2025-07-10 17:03:04.835] OK
[2025-07-10 17:03:19.116] AT+GSN=0
[2025-07-10 17:03:22.674] +GSN: "350435030011484"
[2025-07-10 17:03:22.684] 
[2025-07-10 17:03:22.684] OK
[2025-07-10 17:03:37.268] AT+CCLK="25/07/10,05:03:00:"
[2025-07-10 17:04:06.688] OK
[2025-07-10 17:04:24.201] AT+CBST=96"9600:"
[2025-07-10 17:04:42.502] ERROR
[2025-07-10 17:04:43.810] AT+CBST=9600
[2025-07-10 17:04:49.074] OK
